<?xml version="1.0" encoding="UTF-8"?>
<!-- Generated by org.testng.reporters.JUnitXMLReporter -->
<testsuite hostname="Admin-PC" ignored="0" name="ListersTest" tests="23" failures="1" timestamp="07 Jul 2018 15:04:22 GMT" time="43.476" errors="0">
  <testcase name="login" time="8.108" classname="july7.DemoLogin"/>
  <testcase name="AddEmployee" time="0.384" classname="july7.DemoLogin">
    <failure type="org.openqa.selenium.NoSuchElementException" message="no such element: Unable to locate element: {&amp;quot;method&amp;quot;:&amp;quot;id&amp;quot;,&amp;quot;selector&amp;quot;:&amp;quot;fhskdhfdsk&amp;quot;}
  (Session info: chrome=67.0.3396.99)
  (Driver info: chromedriver=2.36.540470 (e522d04694c7ebea4ba8821272dbef4f9b818c91),platform=Windows NT 6.1.7601 SP1 x86_64) (WARNING: The server did not provide any stacktrace information)
Command duration or timeout: 0 milliseconds
For documentation on this error, please visit: http://seleniumhq.org/exceptions/no_such_element.html
Build info: version: &amp;apos;3.10.0&amp;apos;, revision: &amp;apos;176b4a9&amp;apos;, time: &amp;apos;2018-03-02T19:10:56.039Z&amp;apos;
System info: host: &amp;apos;ADMIN-PC&amp;apos;, ip: &amp;apos;192.168.0.11&amp;apos;, os.name: &amp;apos;Windows 7&amp;apos;, os.arch: &amp;apos;amd64&amp;apos;, os.version: &amp;apos;6.1&amp;apos;, java.version: &amp;apos;1.8.0_144&amp;apos;
Driver info: org.openqa.selenium.chrome.ChromeDriver
Capabilities {acceptInsecureCerts: false, acceptSslCerts: false, applicationCacheEnabled: false, browserConnectionEnabled: false, browserName: chrome, chrome: {chromedriverVersion: 2.36.540470 (e522d04694c7eb..., userDataDir: C:\Users\Admin\AppData\Loca...}, cssSelectorsEnabled: true, databaseEnabled: false, handlesAlerts: true, hasTouchScreen: false, javascriptEnabled: true, locationContextEnabled: true, mobileEmulationEnabled: false, nativeEvents: true, networkConnectionEnabled: false, pageLoadStrategy: normal, platform: XP, platformName: XP, rotatable: false, setWindowRect: true, takesHeapSnapshot: true, takesScreenshot: true, unexpectedAlertBehaviour: , unhandledPromptBehavior: , version: 67.0.3396.99, webStorageEnabled: true}
Session ID: 5edd689da3d0385a57ce04a1d5d8c5fb
*** Element info: {Using=id, value=fhskdhfdsk}">
      <![CDATA[org.openqa.selenium.NoSuchElementException: no such element: Unable to locate element: {"method":"id","selector":"fhskdhfdsk"}
  (Session info: chrome=67.0.3396.99)
  (Driver info: chromedriver=2.36.540470 (e522d04694c7ebea4ba8821272dbef4f9b818c91),platform=Windows NT 6.1.7601 SP1 x86_64) (WARNING: The server did not provide any stacktrace information)
Command duration or timeout: 0 milliseconds
For documentation on this error, please visit: http://seleniumhq.org/exceptions/no_such_element.html
Build info: version: '3.10.0', revision: '176b4a9', time: '2018-03-02T19:10:56.039Z'
System info: host: 'ADMIN-PC', ip: '192.168.0.11', os.name: 'Windows 7', os.arch: 'amd64', os.version: '6.1', java.version: '1.8.0_144'
Driver info: org.openqa.selenium.chrome.ChromeDriver
Capabilities {acceptInsecureCerts: false, acceptSslCerts: false, applicationCacheEnabled: false, browserConnectionEnabled: false, browserName: chrome, chrome: {chromedriverVersion: 2.36.540470 (e522d04694c7eb..., userDataDir: C:\Users\Admin\AppData\Loca...}, cssSelectorsEnabled: true, databaseEnabled: false, handlesAlerts: true, hasTouchScreen: false, javascriptEnabled: true, locationContextEnabled: true, mobileEmulationEnabled: false, nativeEvents: true, networkConnectionEnabled: false, pageLoadStrategy: normal, platform: XP, platformName: XP, rotatable: false, setWindowRect: true, takesHeapSnapshot: true, takesScreenshot: true, unexpectedAlertBehaviour: , unhandledPromptBehavior: , version: 67.0.3396.99, webStorageEnabled: true}
Session ID: 5edd689da3d0385a57ce04a1d5d8c5fb
*** Element info: {Using=id, value=fhskdhfdsk}
at org.openqa.selenium.remote.ErrorHandler.createThrowable(ErrorHandler.java:214)
at org.openqa.selenium.remote.ErrorHandler.throwIfResponseFailed(ErrorHandler.java:166)
at org.openqa.selenium.remote.http.JsonHttpResponseCodec.reconstructValue(JsonHttpResponseCodec.java:40)
at org.openqa.selenium.remote.http.AbstractHttpResponseCodec.decode(AbstractHttpResponseCodec.java:80)
at org.openqa.selenium.remote.http.AbstractHttpResponseCodec.decode(AbstractHttpResponseCodec.java:44)
at org.openqa.selenium.remote.HttpCommandExecutor.execute(HttpCommandExecutor.java:160)
at org.openqa.selenium.remote.service.DriverCommandExecutor.execute(DriverCommandExecutor.java:83)
at org.openqa.selenium.remote.RemoteWebDriver.execute(RemoteWebDriver.java:601)
at org.openqa.selenium.remote.RemoteWebDriver.findElement(RemoteWebDriver.java:371)
at org.openqa.selenium.remote.RemoteWebDriver.findElementById(RemoteWebDriver.java:417)
at org.openqa.selenium.By$ById.findElement(By.java:218)
at org.openqa.selenium.remote.RemoteWebDriver.findElement(RemoteWebDriver.java:363)
at july7.DemoLogin.AddEmployee(DemoLogin.java:42)
... Removed 29 stack frames]]>
    </failure>
  </testcase> <!-- AddEmployee -->
  <testcase name="DeleteEmployee" time="0.002" classname="july7.DemoLogin"/>
  <testcase name="DeleteEmployee" time="0.003" classname="july7.DemoLogin"/>
  <testcase name="DeleteEmployee" time="0.007" classname="july7.DemoLogin"/>
  <testcase name="DeleteEmployee" time="0.002" classname="july7.DemoLogin"/>
  <testcase name="DeleteEmployee" time="0.002" classname="july7.DemoLogin"/>
  <testcase name="DeleteEmployee" time="0.002" classname="july7.DemoLogin"/>
  <testcase name="DeleteEmployee" time="0.002" classname="july7.DemoLogin"/>
  <testcase name="DeleteEmployee" time="0.009" classname="july7.DemoLogin"/>
  <testcase name="DeleteEmployee" time="0.002" classname="july7.DemoLogin"/>
  <testcase name="DeleteEmployee" time="0.002" classname="july7.DemoLogin"/>
  <testcase name="DeleteEmployee" time="0.008" classname="july7.DemoLogin"/>
  <testcase name="DeleteEmployee" time="0.002" classname="july7.DemoLogin"/>
  <testcase name="DeleteEmployee" time="0.001" classname="july7.DemoLogin"/>
  <testcase name="DeleteEmployee" time="0.002" classname="july7.DemoLogin"/>
  <testcase name="DeleteEmployee" time="0.016" classname="july7.DemoLogin"/>
  <testcase name="DeleteEmployee" time="0.009" classname="july7.DemoLogin"/>
  <testcase name="DeleteEmployee" time="0.002" classname="july7.DemoLogin"/>
  <testcase name="DeleteEmployee" time="0.002" classname="july7.DemoLogin"/>
  <testcase name="DeleteEmployee" time="0.001" classname="july7.DemoLogin"/>
  <testcase name="DeleteEmployee" time="0.002" classname="july7.DemoLogin"/>
  <testcase name="logout" time="0.0" classname="july7.DemoLogin">
    <skipped/>
  </testcase> <!-- logout -->
</testsuite> <!-- ListersTest -->
